<?xml version="1.0" encoding="UTF-8"?>
<!-- Generated by org.testng.reporters.JUnitReportReporter -->
<testsuite hostname="user" name="gapp.model.dao.UserDaoTest" tests="1" failures="0" timestamp="1 Feb 2016 21:44:00 GMT" time="1.106" errors="0">
  <testcase name="getDepartments" time="1.106" classname="gapp.model.dao.UserDaoTest"/>
</testsuite> <!-- gapp.model.dao.UserDaoTest -->
