<?xml version="1.0" encoding="UTF-8"?>
<!-- Generated by org.testng.reporters.JUnitReportReporter -->
<testsuite hostname="user" name="gapp.model.dao.ApplicationsDaoTest" tests="2" failures="0" timestamp="2 Feb 2016 03:00:43 GMT" time="0.424" errors="0">
  <testcase name="getAppInDept" time="0.127" classname="gapp.model.dao.ApplicationsDaoTest"/>
  <testcase name="getAppByUser" time="0.297" classname="gapp.model.dao.ApplicationsDaoTest"/>
</testsuite> <!-- gapp.model.dao.ApplicationsDaoTest -->
