<?xml version="1.0" encoding="UTF-8"?>
<!-- Generated by org.testng.reporters.JUnitReportReporter -->
<testsuite hostname="user" name="gapp.model.dao.ApplicationsDaoTest" tests="2" failures="0" timestamp="8 Mar 2016 05:59:53 GMT" time="0.115" errors="0">
  <testcase name="getAppInDept" time="0.019" classname="gapp.model.dao.ApplicationsDaoTest"/>
  <testcase name="getAppByUser" time="0.096" classname="gapp.model.dao.ApplicationsDaoTest"/>
</testsuite> <!-- gapp.model.dao.ApplicationsDaoTest -->
