<?xml version="1.0" encoding="UTF-8"?>
<!-- Generated by org.testng.reporters.JUnitReportReporter -->
<testsuite hostname="user" name="gapp.model.dao.DepartmentsDaoTest" tests="1" failures="0" timestamp="8 Mar 2016 05:59:53 GMT" time="0.010" errors="0">
  <testcase name="getDepartments" time="0.010" classname="gapp.model.dao.DepartmentsDaoTest"/>
</testsuite> <!-- gapp.model.dao.DepartmentsDaoTest -->
